<?xml version="1.0" encoding="UTF-8"?>
<testng-results ignored="0" total="1" passed="1" failed="0" skipped="0">
  <reporter-output>
  </reporter-output>
  <suite started-at="2021-09-24T16:16:42 IST" name="Default suite" finished-at="2021-09-24T16:16:47 IST" duration-ms="4994">
    <groups>
    </groups>
    <test started-at="2021-09-24T16:16:42 IST" name="Default test" finished-at="2021-09-24T16:16:47 IST" duration-ms="4994">
      <class name="com.synechron.apiautomation.apitraining.specifications.FiltersReqAndResSpec">
        <test-method is-config="true" signature="beforeTest()[pri:0, instance:com.synechron.apiautomation.apitraining.specifications.FiltersReqAndResSpec@446293d]" started-at="2021-09-24T16:16:42 IST" name="beforeTest" finished-at="2021-09-24T16:16:42 IST" duration-ms="5" status="PASS">
          <reporter-output>
          </reporter-output>
        </test-method> <!-- beforeTest -->
        <test-method signature="requestWithFilter()[pri:0, instance:com.synechron.apiautomation.apitraining.specifications.FiltersReqAndResSpec@446293d]" started-at="2021-09-24T16:16:42 IST" name="requestWithFilter" finished-at="2021-09-24T16:16:47 IST" duration-ms="4935" status="PASS">
          <reporter-output>
          </reporter-output>
        </test-method> <!-- requestWithFilter -->
      </class> <!-- com.synechron.apiautomation.apitraining.specifications.FiltersReqAndResSpec -->
    </test> <!-- Default test -->
  </suite> <!-- Default suite -->
</testng-results>
